<?xml version="1.0" encoding="UTF-8"?>
<!-- Generated by org.testng.reporters.JUnitReportReporter -->
<testsuite skipped="0" hostname="8b9ff24809b2" name="com.searchmodule.tests.SearchTest" tests="4" failures="0" timestamp="24 Mar 2019 08:07:57 GMT" time="41.690" errors="0">
  <testcase name="search" time="11.324" classname="com.searchmodule.tests.SearchTest"/>
  <testcase name="search" time="8.729" classname="com.searchmodule.tests.SearchTest"/>
  <testcase name="search" time="11.306" classname="com.searchmodule.tests.SearchTest"/>
  <testcase name="search" time="10.331" classname="com.searchmodule.tests.SearchTest"/>
</testsuite> <!-- com.searchmodule.tests.SearchTest -->
